# JRE version: OpenJDK Runtime Environment (21.0.10) (build 21.0.10+-14961533-b1163.108)
# Java VM: OpenJDK 64-Bit Server VM (21.0.10+-14961533-b1163.108, mixed mode, tiered, compressed oops, compressed class ptrs, g1 gc, windows-amd64)
GC Precious Log:
 CardTable entry size: 512
 Card Set container configuration: InlinePtr #cards 4 size 8 Array Of Cards #cards 32 size 80 Howl #buckets 8 coarsen threshold 7372 Howl Bitmap #cards 1024 size 144 coarsen threshold 921 Card regions per heap region 1 cards per card region 8192
 CPUs: 16 total, 16 available
 Memory: 7734M
 Large Page Support: Disabled
 NUMA Support: Disabled
 Compressed Oops: Enabled (Zero based)
 Heap Region Size: 4M
 Heap Min Capacity: 8M
 Heap Initial Capacity: 124M
 Heap Max Capacity: 8G
 Pre-touch: Disabled
 Parallel Workers: 13
 Concurrent Workers: 3
 Concurrent Refinement Workers: 13
 Periodic GC: Disabled
Heap:
 garbage-first heap   total 503808K, used 381441K [0x0000000600000000, 0x0000000800000000)
  region size 4096K, 35 young (143360K), 4 survivors (16384K)
 Metaspace       used 257181K, committed 260224K, reserved 1310720K
  class space    used 33902K, committed 35328K, reserved 1048576K
GC Heap History (20 events):
Event: 194.830 GC heap before
{Heap before GC invocations=67 (full 0):
 garbage-first heap   total 409600K, used 361709K [0x0000000600000000, 0x0000000800000000)
  region size 4096K, 35 young (143360K), 3 survivors (12288K)
 Metaspace       used 214514K, committed 217408K, reserved 1245184K
  class space    used 28366K, committed 29760K, reserved 1048576K
}
Event: 194.840 GC heap after
{Heap after GC invocations=68 (full 0):
 garbage-first heap   total 409600K, used 237695K [0x0000000600000000, 0x0000000800000000)
  region size 4096K, 3 young (12288K), 3 survivors (12288K)
 Metaspace       used 214514K, committed 217408K, reserved 1245184K
  class space    used 28366K, committed 29760K, reserved 1048576K
}
Event: 195.908 GC heap before
{Heap before GC invocations=69 (full 0):
 garbage-first heap   total 409600K, used 372863K [0x0000000600000000, 0x0000000800000000)
  region size 4096K, 36 young (147456K), 3 survivors (12288K)
 Metaspace       used 219242K, committed 222144K, reserved 1245184K
  class space    used 29060K, committed 30464K, reserved 1048576K
}
Event: 195.915 GC heap after
{Heap after GC invocations=70 (full 0):
 garbage-first heap   total 409600K, used 236709K [0x0000000600000000, 0x0000000800000000)
  region size 4096K, 3 young (12288K), 3 survivors (12288K)
 Metaspace       used 219242K, committed 222144K, reserved 1245184K
  class space    used 29060K, committed 30464K, reserved 1048576K
}
Event: 197.759 GC heap before
{Heap before GC invocations=70 (full 0):
 garbage-first heap   total 409600K, used 371877K [0x0000000600000000, 0x0000000800000000)
  region size 4096K, 37 young (151552K), 3 survivors (12288K)
 Metaspace       used 225255K, committed 228160K, reserved 1310720K
  class space    used 29762K, committed 31168K, reserved 1048576K
}
Event: 197.784 GC heap after
{Heap after GC invocations=71 (full 0):
 garbage-first heap   total 409600K, used 241375K [0x0000000600000000, 0x0000000800000000)
  region size 4096K, 5 young (20480K), 5 survivors (20480K)
 Metaspace       used 225255K, committed 228160K, reserved 1310720K
  class space    used 29762K, committed 31168K, reserved 1048576K
}
Event: 199.482 GC heap before
{Heap before GC invocations=71 (full 0):
 garbage-first heap   total 409600K, used 372447K [0x0000000600000000, 0x0000000800000000)
  region size 4096K, 38 young (155648K), 5 survivors (20480K)
 Metaspace       used 228048K, committed 230976K, reserved 1310720K
  class space    used 30081K, committed 31488K, reserved 1048576K
}
Event: 199.496 GC heap after
{Heap after GC invocations=72 (full 0):
 garbage-first heap   total 409600K, used 248508K [0x0000000600000000, 0x0000000800000000)
  region size 4096K, 3 young (12288K), 3 survivors (12288K)
 Metaspace       used 228048K, committed 230976K, reserved 1310720K
  class space    used 30081K, committed 31488K, reserved 1048576K
}
Event: 199.808 GC heap before
{Heap before GC invocations=73 (full 0):
 garbage-first heap   total 417792K, used 375484K [0x0000000600000000, 0x0000000800000000)
  region size 4096K, 34 young (139264K), 3 survivors (12288K)
 Metaspace       used 228050K, committed 230976K, reserved 1310720K
  class space    used 30081K, committed 31488K, reserved 1048576K
}
Event: 199.812 GC heap after
{Heap after GC invocations=74 (full 0):
 garbage-first heap   total 417792K, used 246589K [0x0000000600000000, 0x0000000800000000)
  region size 4096K, 3 young (12288K), 3 survivors (12288K)
 Metaspace       used 228050K, committed 230976K, reserved 1310720K
  class space    used 30081K, committed 31488K, reserved 1048576K
}
Event: 200.914 GC heap before
{Heap before GC invocations=74 (full 0):
 garbage-first heap   total 417792K, used 381757K [0x0000000600000000, 0x0000000800000000)
  region size 4096K, 37 young (151552K), 3 survivors (12288K)
 Metaspace       used 230400K, committed 233408K, reserved 1310720K
  class space    used 30301K, committed 31744K, reserved 1048576K
}
Event: 200.929 GC heap after
{Heap after GC invocations=75 (full 0):
 garbage-first heap   total 417792K, used 250436K [0x0000000600000000, 0x0000000800000000)
  region size 4096K, 4 young (16384K), 4 survivors (16384K)
 Metaspace       used 230400K, committed 233408K, reserved 1310720K
  class space    used 30301K, committed 31744K, reserved 1048576K
}
Event: 202.014 GC heap before
{Heap before GC invocations=75 (full 0):
 garbage-first heap   total 417792K, used 381508K [0x0000000600000000, 0x0000000800000000)
  region size 4096K, 37 young (151552K), 4 survivors (16384K)
 Metaspace       used 237174K, committed 240192K, reserved 1310720K
  class space    used 31275K, committed 32704K, reserved 1048576K
}
Event: 202.023 GC heap after
{Heap after GC invocations=76 (full 0):
 garbage-first heap   total 503808K, used 250392K [0x0000000600000000, 0x0000000800000000)
  region size 4096K, 3 young (12288K), 3 survivors (12288K)
 Metaspace       used 237174K, committed 240192K, reserved 1310720K
  class space    used 31275K, committed 32704K, reserved 1048576K
}
Event: 219.353 GC heap before
{Heap before GC invocations=77 (full 0):
 garbage-first heap   total 503808K, used 459288K [0x0000000600000000, 0x0000000800000000)
  region size 4096K, 55 young (225280K), 3 survivors (12288K)
 Metaspace       used 251705K, committed 254784K, reserved 1310720K
  class space    used 33467K, committed 34944K, reserved 1048576K
}
Event: 219.575 GC heap after
{Heap after GC invocations=78 (full 0):
 garbage-first heap   total 503808K, used 253189K [0x0000000600000000, 0x0000000800000000)
  region size 4096K, 4 young (16384K), 4 survivors (16384K)
 Metaspace       used 251705K, committed 254784K, reserved 1310720K
  class space    used 33467K, committed 34944K, reserved 1048576K
}
Event: 222.337 GC heap before
{Heap before GC invocations=78 (full 0):
 garbage-first heap   total 503808K, used 466181K [0x0000000600000000, 0x0000000800000000)
  region size 4096K, 57 young (233472K), 4 survivors (16384K)
 Metaspace       used 252986K, committed 256128K, reserved 1310720K
  class space    used 33527K, committed 35008K, reserved 1048576K
}
Event: 222.452 GC heap after
{Heap after GC invocations=79 (full 0):
 garbage-first heap   total 503808K, used 257410K [0x0000000600000000, 0x0000000800000000)
  region size 4096K, 5 young (20480K), 5 survivors (20480K)
 Metaspace       used 252986K, committed 256128K, reserved 1310720K
  class space    used 33527K, committed 35008K, reserved 1048576K
}
Event: 223.020 GC heap before
{Heap before GC invocations=79 (full 0):
 garbage-first heap   total 503808K, used 376194K [0x0000000600000000, 0x0000000800000000)
  region size 4096K, 35 young (143360K), 5 survivors (20480K)
 Metaspace       used 253955K, committed 257088K, reserved 1310720K
  class space    used 33647K, committed 35136K, reserved 1048576K
}
Event: 223.050 GC heap after
{Heap after GC invocations=80 (full 0):
 garbage-first heap   total 503808K, used 254465K [0x0000000600000000, 0x0000000800000000)
  region size 4096K, 4 young (16384K), 4 survivors (16384K)
 Metaspace       used 253955K, committed 257088K, reserved 1310720K
  class space    used 33647K, committed 35136K, reserved 1048576K
}

